<?xml version="1.0" encoding="UTF-8"?>
<testsuite name="arm32x.minecraft.commandblockide.test.client.processor.MultilineCommandProcessorTest" tests="5" skipped="0" failures="0" errors="0" timestamp="2026-06-23T14:11:44.148Z" hostname="LEAFLET" time="0.598">
  <properties/>
  <testcase name="Trailing spaces are included in the output" classname="arm32x.minecraft.commandblockide.test.client.processor.MultilineCommandProcessorTest" time="0.266"/>
  <testcase name="The output mapping correctly maps non-whitespace characters back to the input" classname="arm32x.minecraft.commandblockide.test.client.processor.MultilineCommandProcessorTest" time="0.25"/>
  <testcase name="The output must be shorter or equal in length to the input" classname="arm32x.minecraft.commandblockide.test.client.processor.MultilineCommandProcessorTest" time="0.054"/>
  <testcase name="Tab characters are treated as non-whitespace characters" classname="arm32x.minecraft.commandblockide.test.client.processor.MultilineCommandProcessorTest" time="0.002"/>
  <testcase name="Example in the documentation works" classname="arm32x.minecraft.commandblockide.test.client.processor.MultilineCommandProcessorTest" time="0.002"/>
  <system-out><![CDATA[timestamp = 2026-06-23T23:11:44.680140900, MultilineCommandProcessorTest:The output mapping correctly maps non-whitespace characters back to the input = 
                              |-----------------------jqwik-----------------------
tries = 1000                  | # of calls to property
checks = 1000                 | # of not rejected calls
generation = RANDOMIZED       | parameters are randomly generated
after-failure = SAMPLE_FIRST  | try previously failed sample, then previous seed
when-fixed-seed = ALLOW       | fixing the random seed is allowed
edge-cases#mode = MIXIN       | edge cases are mixed in
edge-cases#total = 3          | # of all combined edge cases
edge-cases#tried = 3          | # of edge cases tried in current run
seed = -5104295215425507995   | random seed to reproduce generated values


timestamp = 2026-06-23T23:11:44.741019500, MultilineCommandProcessorTest:The output must be shorter or equal in length to the input = 
                              |-----------------------jqwik-----------------------
tries = 1000                  | # of calls to property
checks = 1000                 | # of not rejected calls
generation = RANDOMIZED       | parameters are randomly generated
after-failure = SAMPLE_FIRST  | try previously failed sample, then previous seed
when-fixed-seed = ALLOW       | fixing the random seed is allowed
edge-cases#mode = MIXIN       | edge cases are mixed in
edge-cases#total = 3          | # of all combined edge cases
edge-cases#tried = 3          | # of edge cases tried in current run
seed = 3200261713622272802    | random seed to reproduce generated values


]]></system-out>
  <system-err><![CDATA[]]></system-err>
</testsuite>
